<?xml version="1.0" encoding="UTF-8"?>
<!-- Generated by org.testng.reporters.JUnitXMLReporter -->
<testsuite hostname="s-PC" ignored="0" name="ParaSoftSystemTest" tests="6" failures="3" timestamp="24 Jul 2020 09:54:57 GMT" time="214.465" errors="0">
  <testcase name="clickRegisterTest" time="6.159" classname="com.qa.ParasoftTestCases.RegisterCustomerTestCase">
    <failure type="java.lang.NullPointerException">
      <![CDATA[java.lang.NullPointerException
at com.qa.ParasoftTestCases.RegisterCustomerTestCase.clickRegisterTest(RegisterCustomerTestCase.java:48)
... Removed 25 stack frames]]>
    </failure>
  </testcase> <!-- clickRegisterTest -->
  <testcase name="createNewAccount" time="3.264" classname="com.qa.ParasoftTestCases.OpenNewAccountTest"/>
  <testcase name="validateLaunchPageTitleTest" time="0.028" classname="com.qa.ParasoftTestCases.LoginTestCase">
    <failure type="java.lang.NullPointerException">
      <![CDATA[java.lang.NullPointerException
at com.qa.ParasoftTestCases.LoginTestCase.validateLaunchPageTitleTest(LoginTestCase.java:40)
... Removed 25 stack frames]]>
    </failure>
  </testcase> <!-- validateLaunchPageTitleTest -->
  <testcase name="verifyHomePageTitleTest" time="1.354" classname="com.qa.ParasoftTestCases.HomePageTest"/>
  <testcase name="loginTest" time="3.661" classname="com.qa.ParasoftTestCases.LoginTestCase">
    <failure type="java.lang.NullPointerException">
      <![CDATA[java.lang.NullPointerException
at com.qa.ParasoftTestCases.LoginTestCase.loginTest(LoginTestCase.java:47)
... Removed 25 stack frames]]>
    </failure>
  </testcase> <!-- loginTest -->
  <testcase name="verifyMessageTest" time="2.588" classname="com.qa.ParasoftTestCases.HomePageTest"/>
</testsuite> <!-- ParaSoftSystemTest -->
